<?xml version="1.0" encoding="UTF-8"?>
<!-- Generated by org.testng.reporters.JUnitXMLReporter -->
<testsuite ignored="0" hostname="DESKTOP-8M2AHUJ" failures="0" tests="6" name="Validating Complex Page" time="16.396" errors="0" timestamp="2022-03-29T15:05:09 IST">
  <testcase classname="TestScripts.validateHeaders_Complex" name="basePagNavigation" time="4.297"/>
  <testcase classname="TestScripts.validateHeaders_Complex" name="validateheaders" time="0.107"/>
  <testcase classname="TestScripts.validateFeatures_Complex" name="basePagNavigation" time="3.658"/>
  <testcase classname="TestScripts.validateFeatures_Complex" name="validatefeatures" time="0.136"/>
  <testcase classname="TestScripts.validateCheckallcheckbox_Complex" name="basePagNavigation" time="4.633"/>
  <testcase classname="TestScripts.validateCheckallcheckbox_Complex" name="validatecheckbox" time="0.162"/>
</testsuite> <!-- Validating Complex Page -->
