<?xml version="1.0" encoding="UTF-8"?>
<!-- Generated by org.testng.reporters.JUnitXMLReporter -->
<testsuite ignored="0" hostname="DESKTOP-8M2AHUJ" failures="0" tests="4" name="Validating Tree Page" time="10.749" errors="0" timestamp="2022-03-29T15:04:52 IST">
  <testcase classname="TestScripts.validateHeaders_Tree" name="basePagNavigation" time="4.274"/>
  <testcase classname="TestScripts.validateHeaders_Tree" name="validateheaders" time="0.108"/>
  <testcase classname="TestScripts.validateFeatures_Tree" name="basePagNavigation" time="3.978"/>
  <testcase classname="TestScripts.validateFeatures_Tree" name="validateFeatures" time="0.05"/>
</testsuite> <!-- Validating Tree Page -->
