<?xml version="1.0" encoding="UTF-8"?>
<testng-results ignored="0" total="11" passed="11" failed="0" skipped="0">
  <reporter-output>
  </reporter-output>
  <suite started-at="2022-03-29T15:04:32 IST" name="Suite" finished-at="2022-03-29T15:05:09 IST" duration-ms="36326">
    <groups>
    </groups>
    <test started-at="2022-03-29T15:04:32 IST" name="Validating Home Page" finished-at="2022-03-29T15:04:41 IST" duration-ms="8883">
      <class name="TestScripts.HomePage">
        <test-method is-config="true" signature="initialize()[pri:0, instance:TestScripts.HomePage@4fe89c24]" started-at="2022-03-29T15:04:32 IST" name="initialize" finished-at="2022-03-29T15:04:34 IST" duration-ms="2129" status="PASS">
          <reporter-output>
          </reporter-output>
        </test-method> <!-- initialize -->
        <test-method signature="basePageNavigation()[pri:0, instance:TestScripts.HomePage@4fe89c24]" started-at="2022-03-29T15:04:34 IST" name="basePageNavigation" finished-at="2022-03-29T15:04:41 IST" duration-ms="6642" status="PASS">
          <reporter-output>
          </reporter-output>
        </test-method> <!-- basePageNavigation -->
        <test-method is-config="true" signature="teardown()[pri:0, instance:TestScripts.HomePage@4fe89c24]" started-at="2022-03-29T15:04:41 IST" name="teardown" finished-at="2022-03-29T15:04:41 IST" duration-ms="79" status="PASS">
          <reporter-output>
          </reporter-output>
        </test-method> <!-- teardown -->
      </class> <!-- TestScripts.HomePage -->
    </test> <!-- Validating Home Page -->
    <test started-at="2022-03-29T15:04:41 IST" name="Validating Tree Page" finished-at="2022-03-29T15:04:52 IST" duration-ms="10749">
      <class name="TestScripts.validateFeatures_Tree">
        <test-method is-config="true" signature="initialize()[pri:0, instance:TestScripts.validateFeatures_Tree@5f2606b]" started-at="2022-03-29T15:04:41 IST" name="initialize" finished-at="2022-03-29T15:04:42 IST" duration-ms="1071" status="PASS">
          <reporter-output>
          </reporter-output>
        </test-method> <!-- initialize -->
        <test-method signature="basePagNavigation()[pri:0, instance:TestScripts.validateFeatures_Tree@5f2606b]" started-at="2022-03-29T15:04:48 IST" name="basePagNavigation" finished-at="2022-03-29T15:04:52 IST" duration-ms="3978" status="PASS">
          <reporter-output>
          </reporter-output>
        </test-method> <!-- basePagNavigation -->
        <test-method signature="validateFeatures()[pri:0, instance:TestScripts.validateFeatures_Tree@5f2606b]" started-at="2022-03-29T15:04:52 IST" name="validateFeatures" finished-at="2022-03-29T15:04:52 IST" duration-ms="50" status="PASS">
          <reporter-output>
          </reporter-output>
        </test-method> <!-- validateFeatures -->
        <test-method is-config="true" signature="teardown()[pri:0, instance:TestScripts.validateFeatures_Tree@5f2606b]" started-at="2022-03-29T15:04:52 IST" name="teardown" finished-at="2022-03-29T15:04:52 IST" duration-ms="45" status="PASS">
          <reporter-output>
          </reporter-output>
        </test-method> <!-- teardown -->
      </class> <!-- TestScripts.validateFeatures_Tree -->
      <class name="TestScripts.validateHeaders_Tree">
        <test-method is-config="true" signature="initialize()[pri:0, instance:TestScripts.validateHeaders_Tree@5b6813df]" started-at="2022-03-29T15:04:42 IST" name="initialize" finished-at="2022-03-29T15:04:44 IST" duration-ms="1167" status="PASS">
          <reporter-output>
          </reporter-output>
        </test-method> <!-- initialize -->
        <test-method signature="basePagNavigation()[pri:0, instance:TestScripts.validateHeaders_Tree@5b6813df]" started-at="2022-03-29T15:04:44 IST" name="basePagNavigation" finished-at="2022-03-29T15:04:48 IST" duration-ms="4274" status="PASS">
          <reporter-output>
          </reporter-output>
        </test-method> <!-- basePagNavigation -->
        <test-method signature="validateheaders()[pri:0, instance:TestScripts.validateHeaders_Tree@5b6813df]" started-at="2022-03-29T15:04:48 IST" name="validateheaders" finished-at="2022-03-29T15:04:48 IST" duration-ms="108" status="PASS">
          <reporter-output>
          </reporter-output>
        </test-method> <!-- validateheaders -->
        <test-method is-config="true" signature="teardown()[pri:0, instance:TestScripts.validateHeaders_Tree@5b6813df]" started-at="2022-03-29T15:04:52 IST" name="teardown" finished-at="2022-03-29T15:04:52 IST" duration-ms="46" status="PASS">
          <reporter-output>
          </reporter-output>
        </test-method> <!-- teardown -->
      </class> <!-- TestScripts.validateHeaders_Tree -->
    </test> <!-- Validating Tree Page -->
    <test started-at="2022-03-29T15:04:52 IST" name="Validating Complex Page" finished-at="2022-03-29T15:05:09 IST" duration-ms="16396">
      <class name="TestScripts.validateHeaders_Complex">
        <test-method is-config="true" signature="initialize()[pri:0, instance:TestScripts.validateHeaders_Complex@60bdf15d]" started-at="2022-03-29T15:04:54 IST" name="initialize" finished-at="2022-03-29T15:04:55 IST" duration-ms="1087" status="PASS">
          <reporter-output>
          </reporter-output>
        </test-method> <!-- initialize -->
        <test-method signature="basePagNavigation()[pri:0, instance:TestScripts.validateHeaders_Complex@60bdf15d]" started-at="2022-03-29T15:04:55 IST" name="basePagNavigation" finished-at="2022-03-29T15:05:00 IST" duration-ms="4297" status="PASS">
          <reporter-output>
          </reporter-output>
        </test-method> <!-- basePagNavigation -->
        <test-method signature="validateheaders()[pri:0, instance:TestScripts.validateHeaders_Complex@60bdf15d]" started-at="2022-03-29T15:05:00 IST" name="validateheaders" finished-at="2022-03-29T15:05:00 IST" duration-ms="107" status="PASS">
          <reporter-output>
          </reporter-output>
        </test-method> <!-- validateheaders -->
        <test-method is-config="true" signature="teardown()[pri:0, instance:TestScripts.validateHeaders_Complex@60bdf15d]" started-at="2022-03-29T15:05:08 IST" name="teardown" finished-at="2022-03-29T15:05:09 IST" duration-ms="63" status="PASS">
          <reporter-output>
          </reporter-output>
        </test-method> <!-- teardown -->
      </class> <!-- TestScripts.validateHeaders_Complex -->
      <class name="TestScripts.validateFeatures_Complex">
        <test-method is-config="true" signature="initialize()[pri:0, instance:TestScripts.validateFeatures_Complex@46e8a539]" started-at="2022-03-29T15:04:53 IST" name="initialize" finished-at="2022-03-29T15:04:54 IST" duration-ms="1086" status="PASS">
          <reporter-output>
          </reporter-output>
        </test-method> <!-- initialize -->
        <test-method signature="basePagNavigation()[pri:0, instance:TestScripts.validateFeatures_Complex@46e8a539]" started-at="2022-03-29T15:05:00 IST" name="basePagNavigation" finished-at="2022-03-29T15:05:03 IST" duration-ms="3658" status="PASS">
          <reporter-output>
          </reporter-output>
        </test-method> <!-- basePagNavigation -->
        <test-method signature="validatefeatures()[pri:0, instance:TestScripts.validateFeatures_Complex@46e8a539]" started-at="2022-03-29T15:05:03 IST" name="validatefeatures" finished-at="2022-03-29T15:05:04 IST" duration-ms="136" status="PASS">
          <reporter-output>
          </reporter-output>
        </test-method> <!-- validatefeatures -->
        <test-method is-config="true" signature="teardown()[pri:0, instance:TestScripts.validateFeatures_Complex@46e8a539]" started-at="2022-03-29T15:05:08 IST" name="teardown" finished-at="2022-03-29T15:05:08 IST" duration-ms="49" status="PASS">
          <reporter-output>
          </reporter-output>
        </test-method> <!-- teardown -->
      </class> <!-- TestScripts.validateFeatures_Complex -->
      <class name="TestScripts.validateCheckallcheckbox_Complex">
        <test-method is-config="true" signature="initialize()[pri:0, instance:TestScripts.validateCheckallcheckbox_Complex@495083a0]" started-at="2022-03-29T15:04:52 IST" name="initialize" finished-at="2022-03-29T15:04:53 IST" duration-ms="1075" status="PASS">
          <reporter-output>
          </reporter-output>
        </test-method> <!-- initialize -->
        <test-method signature="basePagNavigation()[pri:0, instance:TestScripts.validateCheckallcheckbox_Complex@495083a0]" started-at="2022-03-29T15:05:04 IST" name="basePagNavigation" finished-at="2022-03-29T15:05:08 IST" duration-ms="4633" status="PASS">
          <reporter-output>
          </reporter-output>
        </test-method> <!-- basePagNavigation -->
        <test-method signature="validatecheckbox()[pri:0, instance:TestScripts.validateCheckallcheckbox_Complex@495083a0]" started-at="2022-03-29T15:05:08 IST" name="validatecheckbox" finished-at="2022-03-29T15:05:08 IST" duration-ms="162" status="PASS">
          <reporter-output>
          </reporter-output>
        </test-method> <!-- validatecheckbox -->
        <test-method is-config="true" signature="teardown()[pri:0, instance:TestScripts.validateCheckallcheckbox_Complex@495083a0]" started-at="2022-03-29T15:05:08 IST" name="teardown" finished-at="2022-03-29T15:05:08 IST" duration-ms="36" status="PASS">
          <reporter-output>
          </reporter-output>
        </test-method> <!-- teardown -->
      </class> <!-- TestScripts.validateCheckallcheckbox_Complex -->
    </test> <!-- Validating Complex Page -->
  </suite> <!-- Suite -->
</testng-results>
